<html>
<head>
<title>TestNG:  Test</title>
<link href="../testng.css" rel="stylesheet" type="text/css" />
<link href="../my-testng.css" rel="stylesheet" type="text/css" />

<style type="text/css">
.log { display: none;} 
.stack-trace { display: none;} 
</style>
<script type="text/javascript">
<!--
function flip(e) {
  current = e.style.display;
  if (current == 'block') {
    e.style.display = 'none';
    return 0;
  }
  else {
    e.style.display = 'block';
    return 1;
  }
}

function toggleBox(szDivId, elem, msg1, msg2)
{
  var res = -1;  if (document.getElementById) {
    res = flip(document.getElementById(szDivId));
  }
  else if (document.all) {
    // this is the way old msie versions work
    res = flip(document.all[szDivId]);
  }
  if(elem) {
    if(res == 0) elem.innerHTML = msg1; else elem.innerHTML = msg2;
  }

}

function toggleAllBoxes() {
  if (document.getElementsByTagName) {
    d = document.getElementsByTagName('div');
    for (i = 0; i < d.length; i++) {
      if (d[i].className == 'log') {
        flip(d[i]);
      }
    }
  }
}

// -->
</script>

</head>
<body>
<h2 align='center'>Test</h2><table border='1' align="center">
<tr>
<td>Tests passed/Failed/Skipped:</td><td>37/1/0</td>
</tr><tr>
<td>Started on:</td><td>Mon May 09 20:29:57 IST 2022</td>
</tr>
<tr><td>Total time:</td><td>49 seconds (49564 ms)</td>
</tr><tr>
<td>Included groups:</td><td></td>
</tr><tr>
<td>Excluded groups:</td><td></td>
</tr>
</table><p/>
<small><i>(Hover the method name to see the test class name)</i></small><p/>
<table width='100%' border='1' class='invocation-failed'>
<tr><td colspan='4' align='center'><b>FAILED TESTS</b></td></tr>
<tr><td><b>Test method</b></td>
<td width="30%"><b>Exception</b></td>
<td width="10%"><b>Time (seconds)</b></td>
<td><b>Instance</b></td>
</tr>
<tr>
<td title='day11.testngsamples.Example_Param6.checkNotification()'><b>checkNotification</b><br>Test class: day11.testngsamples.Example_Param6</td>
<td><div><pre>org.testng.internal.thread.ThreadTimeoutException: Method day11.testngsamples.Example_Param6.checkNotification() didn&apos;t finish within the time-out 2000
	at java.util.ArrayList.forEach(ArrayList.java:1259)
... Removed 24 stack frames</pre></div><a href='#' onClick='toggleBox("stack-trace878598679", this, "Click to show all stack frames", "Click to hide stack frames")'>Click to show all stack frames</a>
<div class='stack-trace' id='stack-trace878598679'><pre>org.testng.internal.thread.ThreadTimeoutException: Method day11.testngsamples.Example_Param6.checkNotification() didn&apos;t finish within the time-out 2000
	at org.testng.internal.MethodInvocationHelper.invokeWithTimeoutWithNewExecutor(MethodInvocationHelper.java:384)
	at org.testng.internal.MethodInvocationHelper.invokeWithTimeout(MethodInvocationHelper.java:283)
	at org.testng.internal.TestInvoker.invokeMethod(TestInvoker.java:604)
	at org.testng.internal.TestInvoker.invokeTestMethod(TestInvoker.java:173)
	at org.testng.internal.MethodRunner.runInSequence(MethodRunner.java:46)
	at org.testng.internal.TestInvoker$MethodInvocationAgent.invoke(TestInvoker.java:824)
	at org.testng.internal.TestInvoker.invokeTestMethods(TestInvoker.java:146)
	at org.testng.internal.TestMethodWorker.invokeTestMethods(TestMethodWorker.java:146)
	at org.testng.internal.TestMethodWorker.run(TestMethodWorker.java:128)
	at java.util.ArrayList.forEach(ArrayList.java:1259)
	at org.testng.TestRunner.privateRun(TestRunner.java:794)
	at org.testng.TestRunner.run(TestRunner.java:596)
	at org.testng.SuiteRunner.runTest(SuiteRunner.java:377)
	at org.testng.SuiteRunner.runSequentially(SuiteRunner.java:371)
	at org.testng.SuiteRunner.privateRun(SuiteRunner.java:332)
	at org.testng.SuiteRunner.run(SuiteRunner.java:276)
	at org.testng.SuiteRunnerWorker.runSuite(SuiteRunnerWorker.java:53)
	at org.testng.SuiteRunnerWorker.run(SuiteRunnerWorker.java:96)
	at org.testng.TestNG.runSuitesSequentially(TestNG.java:1212)
	at org.testng.TestNG.runSuitesLocally(TestNG.java:1134)
	at org.testng.TestNG.runSuites(TestNG.java:1063)
	at org.testng.TestNG.run(TestNG.java:1031)
	at org.testng.remote.AbstractRemoteTestNG.run(AbstractRemoteTestNG.java:115)
	at org.testng.remote.RemoteTestNG.initAndRun(RemoteTestNG.java:251)
	at org.testng.remote.RemoteTestNG.main(RemoteTestNG.java:77)
</pre></div></td>
<td>2</td>
<td>day11.testngsamples.Example_Param6@22eeefeb</td></tr>
</table><p>
<table width='100%' border='1' class='invocation-passed'>
<tr><td colspan='4' align='center'><b>PASSED TESTS</b></td></tr>
<tr><td><b>Test method</b></td>
<td width="30%"><b>Exception</b></td>
<td width="10%"><b>Time (seconds)</b></td>
<td><b>Instance</b></td>
</tr>
<tr>
<td title='day11.testngsamples.Example_Param2.sendEmail()'><b>sendEmail</b><br>Test class: day11.testngsamples.Example_Param2</td>
<td></td>
<td>0</td>
<td>day11.testngsamples.Example_Param2@7e0e6aa2</td></tr>
<tr>
<td title='day11.testngsamples.Example_Annotations3.verifyLogin()'><b>verifyLogin</b><br>Test class: day11.testngsamples.Example_Annotations3</td>
<td></td>
<td>0</td>
<td>day11.testngsamples.Example_Annotations3@1fc2b765</td></tr>
<tr>
<td title='day11.testngsamples.Example7.loginLogoutInActitimeApplication()'><b>loginLogoutInActitimeApplication</b><br>Test class: day11.testngsamples.Example7</td>
<td></td>
<td>18</td>
<td>day11.testngsamples.Example7@11758f2a</td></tr>
<tr>
<td title='day11.testngsamples.Example_Param5.signIn()'><b>signIn</b><br>Test class: day11.testngsamples.Example_Param5</td>
<td><div><pre>java.lang.ArithmeticException: / by zero
	at day11.testngsamples.Example_Param5.signIn(Example_Param5.java:18)
	at java.util.ArrayList.forEach(ArrayList.java:1259)
... Removed 27 stack frames</pre></div><a href='#' onClick='toggleBox("stack-trace1195064186", this, "Click to show all stack frames", "Click to hide stack frames")'>Click to show all stack frames</a>
<div class='stack-trace' id='stack-trace1195064186'><pre>java.lang.ArithmeticException: / by zero
	at day11.testngsamples.Example_Param5.signIn(Example_Param5.java:18)
	at sun.reflect.NativeMethodAccessorImpl.invoke0(Native Method)
	at sun.reflect.NativeMethodAccessorImpl.invoke(NativeMethodAccessorImpl.java:62)
	at sun.reflect.DelegatingMethodAccessorImpl.invoke(DelegatingMethodAccessorImpl.java:43)
	at java.lang.reflect.Method.invoke(Method.java:498)
	at org.testng.internal.MethodInvocationHelper.invokeMethod(MethodInvocationHelper.java:133)
	at org.testng.internal.TestInvoker.invokeMethod(TestInvoker.java:598)
	at org.testng.internal.TestInvoker.invokeTestMethod(TestInvoker.java:173)
	at org.testng.internal.MethodRunner.runInSequence(MethodRunner.java:46)
	at org.testng.internal.TestInvoker$MethodInvocationAgent.invoke(TestInvoker.java:824)
	at org.testng.internal.TestInvoker.invokeTestMethods(TestInvoker.java:146)
	at org.testng.internal.TestMethodWorker.invokeTestMethods(TestMethodWorker.java:146)
	at org.testng.internal.TestMethodWorker.run(TestMethodWorker.java:128)
	at java.util.ArrayList.forEach(ArrayList.java:1259)
	at org.testng.TestRunner.privateRun(TestRunner.java:794)
	at org.testng.TestRunner.run(TestRunner.java:596)
	at org.testng.SuiteRunner.runTest(SuiteRunner.java:377)
	at org.testng.SuiteRunner.runSequentially(SuiteRunner.java:371)
	at org.testng.SuiteRunner.privateRun(SuiteRunner.java:332)
	at org.testng.SuiteRunner.run(SuiteRunner.java:276)
	at org.testng.SuiteRunnerWorker.runSuite(SuiteRunnerWorker.java:53)
	at org.testng.SuiteRunnerWorker.run(SuiteRunnerWorker.java:96)
	at org.testng.TestNG.runSuitesSequentially(TestNG.java:1212)
	at org.testng.TestNG.runSuitesLocally(TestNG.java:1134)
	at org.testng.TestNG.runSuites(TestNG.java:1063)
	at org.testng.TestNG.run(TestNG.java:1031)
	at org.testng.remote.AbstractRemoteTestNG.run(AbstractRemoteTestNG.java:115)
	at org.testng.remote.RemoteTestNG.initAndRun(RemoteTestNG.java:251)
	at org.testng.remote.RemoteTestNG.main(RemoteTestNG.java:77)
</pre></div></td>
<td>0</td>
<td>day11.testngsamples.Example_Param5@17d0685f</td></tr>
<tr>
<td title='day11.testngsamples.Example_Annotations2.createTask()'><b>createTask</b><br>Test class: day11.testngsamples.Example_Annotations2</td>
<td></td>
<td>0</td>
<td>day11.testngsamples.Example_Annotations2@396e2f39</td></tr>
<tr>
<td title='day11.testngsamples.Example_Annotations1.createTask()'><b>createTask</b><br>Test class: day11.testngsamples.Example_Annotations1</td>
<td></td>
<td>0</td>
<td>day11.testngsamples.Example_Annotations1@2de8284b</td></tr>
<tr>
<td title='day11.testngsamples.Example8.loginLogoutInActitimeApplication()'><b>loginLogoutInActitimeApplication</b><br>Test class: day11.testngsamples.Example8</td>
<td></td>
<td>18</td>
<td>day11.testngsamples.Example8@1a3869f4</td></tr>
<tr>
<td title='day11.testngsamples.Example_Param1.param1()'><b>param1</b><br>Test class: day11.testngsamples.Example_Param1</td>
<td></td>
<td>0</td>
<td>day11.testngsamples.Example_Param1@365185bd</td></tr>
<tr>
<td title='day11.testngsamples.Example_Annotations2.verifyLogin()'><b>verifyLogin</b><br>Test class: day11.testngsamples.Example_Annotations2</td>
<td></td>
<td>0</td>
<td>day11.testngsamples.Example_Annotations2@396e2f39</td></tr>
<tr>
<td title='day11.testngsamples.Example_Param7.login()'><b>login</b><br>Test class: day11.testngsamples.Example_Param7<br>Test method: Checking login functionality of Actitime application</td>
<td></td>
<td>0</td>
<td>day11.testngsamples.Example_Param7@e720b71</td></tr>
<tr>
<td title='day11.testngsamples.Example_Param1.param1()'><b>param1</b><br>Test class: day11.testngsamples.Example_Param1</td>
<td></td>
<td>0</td>
<td>day11.testngsamples.Example_Param1@365185bd</td></tr>
<tr>
<td title='day11.testngsamples.Example_Param5.checkNotification()'><b>checkNotification</b><br>Test class: day11.testngsamples.Example_Param5</td>
<td></td>
<td>0</td>
<td>day11.testngsamples.Example_Param5@17d0685f</td></tr>
<tr>
<td title='day11.testngsamples.Example5.testCase6()'><b>testCase6</b><br>Test class: day11.testngsamples.Example5</td>
<td></td>
<td>0</td>
<td>day11.testngsamples.Example5@4fb64261</td></tr>
<tr>
<td title='day11.testngsamples.Example_Param6.signIn()'><b>signIn</b><br>Test class: day11.testngsamples.Example_Param6</td>
<td><div><pre>java.lang.ArithmeticException: / by zero
	at day11.testngsamples.Example_Param6.signIn(Example_Param6.java:24)
	at java.util.ArrayList.forEach(ArrayList.java:1259)
... Removed 27 stack frames</pre></div><a href='#' onClick='toggleBox("stack-trace619985571", this, "Click to show all stack frames", "Click to hide stack frames")'>Click to show all stack frames</a>
<div class='stack-trace' id='stack-trace619985571'><pre>java.lang.ArithmeticException: / by zero
	at day11.testngsamples.Example_Param6.signIn(Example_Param6.java:24)
	at sun.reflect.NativeMethodAccessorImpl.invoke0(Native Method)
	at sun.reflect.NativeMethodAccessorImpl.invoke(NativeMethodAccessorImpl.java:62)
	at sun.reflect.DelegatingMethodAccessorImpl.invoke(DelegatingMethodAccessorImpl.java:43)
	at java.lang.reflect.Method.invoke(Method.java:498)
	at org.testng.internal.MethodInvocationHelper.invokeMethod(MethodInvocationHelper.java:133)
	at org.testng.internal.TestInvoker.invokeMethod(TestInvoker.java:598)
	at org.testng.internal.TestInvoker.invokeTestMethod(TestInvoker.java:173)
	at org.testng.internal.MethodRunner.runInSequence(MethodRunner.java:46)
	at org.testng.internal.TestInvoker$MethodInvocationAgent.invoke(TestInvoker.java:824)
	at org.testng.internal.TestInvoker.invokeTestMethods(TestInvoker.java:146)
	at org.testng.internal.TestMethodWorker.invokeTestMethods(TestMethodWorker.java:146)
	at org.testng.internal.TestMethodWorker.run(TestMethodWorker.java:128)
	at java.util.ArrayList.forEach(ArrayList.java:1259)
	at org.testng.TestRunner.privateRun(TestRunner.java:794)
	at org.testng.TestRunner.run(TestRunner.java:596)
	at org.testng.SuiteRunner.runTest(SuiteRunner.java:377)
	at org.testng.SuiteRunner.runSequentially(SuiteRunner.java:371)
	at org.testng.SuiteRunner.privateRun(SuiteRunner.java:332)
	at org.testng.SuiteRunner.run(SuiteRunner.java:276)
	at org.testng.SuiteRunnerWorker.runSuite(SuiteRunnerWorker.java:53)
	at org.testng.SuiteRunnerWorker.run(SuiteRunnerWorker.java:96)
	at org.testng.TestNG.runSuitesSequentially(TestNG.java:1212)
	at org.testng.TestNG.runSuitesLocally(TestNG.java:1134)
	at org.testng.TestNG.runSuites(TestNG.java:1063)
	at org.testng.TestNG.run(TestNG.java:1031)
	at org.testng.remote.AbstractRemoteTestNG.run(AbstractRemoteTestNG.java:115)
	at org.testng.remote.RemoteTestNG.initAndRun(RemoteTestNG.java:251)
	at org.testng.remote.RemoteTestNG.main(RemoteTestNG.java:77)
</pre></div></td>
<td>0</td>
<td>day11.testngsamples.Example_Param6@22eeefeb</td></tr>
<tr>
<td title='day11.testngsamples.Example_Param4.signIn()'><b>signIn</b><br>Test class: day11.testngsamples.Example_Param4</td>
<td></td>
<td>0</td>
<td>day11.testngsamples.Example_Param4@3891771e</td></tr>
<tr>
<td title='day11.testngsamples.Example_Param2.logout()'><b>logout</b><br>Test class: day11.testngsamples.Example_Param2</td>
<td></td>
<td>0</td>
<td>day11.testngsamples.Example_Param2@7e0e6aa2</td></tr>
<tr>
<td title='day11.testngsamples.Example_Param5.login()'><b>login</b><br>Test class: day11.testngsamples.Example_Param5</td>
<td></td>
<td>0</td>
<td>day11.testngsamples.Example_Param5@17d0685f</td></tr>
<tr>
<td title='day11.testngsamples.Example_Param1.param1()'><b>param1</b><br>Test class: day11.testngsamples.Example_Param1</td>
<td></td>
<td>0</td>
<td>day11.testngsamples.Example_Param1@365185bd</td></tr>
<tr>
<td title='day11.testngsamples.Example_Param6.login()'><b>login</b><br>Test class: day11.testngsamples.Example_Param6</td>
<td></td>
<td>0</td>
<td>day11.testngsamples.Example_Param6@22eeefeb</td></tr>
<tr>
<td title='day11.testngsamples.Example_Annotations3.createTask()'><b>createTask</b><br>Test class: day11.testngsamples.Example_Annotations3</td>
<td></td>
<td>0</td>
<td>day11.testngsamples.Example_Annotations3@1fc2b765</td></tr>
<tr>
<td title='day11.testngsamples.Example_Param4.checkNotification()'><b>checkNotification</b><br>Test class: day11.testngsamples.Example_Param4</td>
<td></td>
<td>0</td>
<td>day11.testngsamples.Example_Param4@3891771e</td></tr>
<tr>
<td title='day11.testngsamples.Example_Param3.param1()'><b>param1</b><br>Test class: day11.testngsamples.Example_Param3</td>
<td></td>
<td>0</td>
<td>day11.testngsamples.Example_Param3@12c8a2c0</td></tr>
<tr>
<td title='day11.testngsamples.Example71.loginPageValidationInActitimeApplication()'><b>loginPageValidationInActitimeApplication</b><br>Test class: day11.testngsamples.Example71</td>
<td></td>
<td>8</td>
<td>day11.testngsamples.Example71@78ac1102</td></tr>
<tr>
<td title='day11.testngsamples.Sample2.regressionTC1()'><b>regressionTC1</b><br>Test class: day11.testngsamples.Sample2</td>
<td></td>
<td>0</td>
<td>day11.testngsamples.Sample2@782663d3</td></tr>
<tr>
<td title='day11.testngsamples.Example_Param4.login()'><b>login</b><br>Test class: day11.testngsamples.Example_Param4</td>
<td></td>
<td>0</td>
<td>day11.testngsamples.Example_Param4@3891771e</td></tr>
<tr>
<td title='day11.testngsamples.Sample1.smokeTC1()'><b>smokeTC1</b><br>Test class: day11.testngsamples.Sample1</td>
<td></td>
<td>0</td>
<td>day11.testngsamples.Sample1@a74868d</td></tr>
<tr>
<td title='day11.testngsamples.Example3.testCase3()'><b>testCase3</b><br>Test class: day11.testngsamples.Example3</td>
<td></td>
<td>2</td>
<td>day11.testngsamples.Example3@1990a65e</td></tr>
<tr>
<td title='day11.testngsamples.Example_Param2.login()'><b>login</b><br>Test class: day11.testngsamples.Example_Param2</td>
<td></td>
<td>0</td>
<td>day11.testngsamples.Example_Param2@7e0e6aa2</td></tr>
<tr>
<td title='day11.testngsamples.Example2.testCase2()'><b>testCase2</b><br>Test class: day11.testngsamples.Example2</td>
<td></td>
<td>0</td>
<td>day11.testngsamples.Example2@42607a4f</td></tr>
<tr>
<td title='day11.testngsamples.Example_Param1.param1()'><b>param1</b><br>Test class: day11.testngsamples.Example_Param1</td>
<td></td>
<td>0</td>
<td>day11.testngsamples.Example_Param1@365185bd</td></tr>
<tr>
<td title='day11.testngsamples.Example_Annotations1.verifyLogin()'><b>verifyLogin</b><br>Test class: day11.testngsamples.Example_Annotations1</td>
<td></td>
<td>0</td>
<td>day11.testngsamples.Example_Annotations1@2de8284b</td></tr>
<tr>
<td title='day11.testngsamples.Example_Param1.param1()'><b>param1</b><br>Test class: day11.testngsamples.Example_Param1</td>
<td></td>
<td>0</td>
<td>day11.testngsamples.Example_Param1@365185bd</td></tr>
<tr>
<td title='day11.testngsamples.Example6.testCase8()'><b>testCase8</b><br>Test class: day11.testngsamples.Example6</td>
<td></td>
<td>0</td>
<td>day11.testngsamples.Example6@612679d6</td></tr>
<tr>
<td title='day11.testngsamples.Example6.testCase7()'><b>testCase7</b><br>Test class: day11.testngsamples.Example6</td>
<td></td>
<td>0</td>
<td>day11.testngsamples.Example6@612679d6</td></tr>
<tr>
<td title='day11.testngsamples.Example5.testCase5()'><b>testCase5</b><br>Test class: day11.testngsamples.Example5</td>
<td></td>
<td>0</td>
<td>day11.testngsamples.Example5@4fb64261</td></tr>
<tr>
<td title='day11.testngsamples.Example_Param3.param3()'><b>param3</b><br>Test class: day11.testngsamples.Example_Param3</td>
<td></td>
<td>0</td>
<td>day11.testngsamples.Example_Param3@12c8a2c0</td></tr>
<tr>
<td title='day11.testngsamples.Example4.testCase4()'><b>testCase4</b><br>Test class: day11.testngsamples.Example4</td>
<td></td>
<td>0</td>
<td>day11.testngsamples.Example4@18bf3d14</td></tr>
</table><p>
</body>
</html>